{"/Users/yliu10/cmr_workspace/cmr/graph-db/serverless/src/bootstrapGremlinServer/handler.js": {"path":"/Users/yliu10/cmr_workspace/cmr/graph-db/serverless/src/bootstrapGremlinServer/handler.js","statementMap":{"0":{"start":{"line":9,"column":31},"end":{"line":34,"column":1}},"1":{"start":{"line":11,"column":2},"end":{"line":13,"column":3}},"2":{"start":{"line":12,"column":4},"end":{"line":12,"column":32}},"3":{"start":{"line":16,"column":2},"end":{"line":18,"column":3}},"4":{"start":{"line":17,"column":4},"end":{"line":17,"column":53}},"5":{"start":{"line":22,"column":19},"end":{"line":22,"column":73}},"6":{"start":{"line":25,"column":2},"end":{"line":27,"column":3}},"7":{"start":{"line":26,"column":4},"end":{"line":26,"column":38}},"8":{"start":{"line":29,"column":2},"end":{"line":33,"column":3}}},"fnMap":{"0":{"name":"(anonymous_0)","decl":{"start":{"line":9,"column":31},"end":{"line":9,"column":32}},"loc":{"start":{"line":9,"column":43},"end":{"line":34,"column":1}},"line":9}},"branchMap":{"0":{"loc":{"start":{"line":11,"column":2},"end":{"line":13,"column":3}},"type":"if","locations":[{"start":{"line":11,"column":2},"end":{"line":13,"column":3}},{"start":{"line":11,"column":2},"end":{"line":13,"column":3}}],"line":11},"1":{"loc":{"start":{"line":16,"column":2},"end":{"line":18,"column":3}},"type":"if","locations":[{"start":{"line":16,"column":2},"end":{"line":18,"column":3}},{"start":{"line":16,"column":2},"end":{"line":18,"column":3}}],"line":16},"2":{"loc":{"start":{"line":25,"column":2},"end":{"line":27,"column":3}},"type":"if","locations":[{"start":{"line":25,"column":2},"end":{"line":27,"column":3}},{"start":{"line":25,"column":2},"end":{"line":27,"column":3}}],"line":25}},"s":{"0":1,"1":2,"2":2,"3":2,"4":1,"5":2,"6":2,"7":0,"8":2},"f":{"0":2},"b":{"0":[2,0],"1":[1,1],"2":[0,2]},"_coverageSchema":"1a1c01bbd47fc00a2c39e90264f33305004495a9","hash":"4a9dc65b1eed32648ee59863a748f50622dc6764"}
,"/Users/yliu10/cmr_workspace/cmr/graph-db/serverless/src/indexCmrCollection/handler.js": {"path":"/Users/yliu10/cmr_workspace/cmr/graph-db/serverless/src/indexCmrCollection/handler.js","statementMap":{"0":{"start":{"line":11,"column":25},"end":{"line":11,"column":41}},"1":{"start":{"line":12,"column":25},"end":{"line":12,"column":41}},"2":{"start":{"line":14,"column":28},"end":{"line":81,"column":1}},"3":{"start":{"line":16,"column":2},"end":{"line":18,"column":3}},"4":{"start":{"line":17,"column":4},"end":{"line":17,"column":32}},"5":{"start":{"line":21,"column":2},"end":{"line":23,"column":3}},"6":{"start":{"line":22,"column":4},"end":{"line":22,"column":53}},"7":{"start":{"line":25,"column":20},"end":{"line":25,"column":21}},"8":{"start":{"line":26,"column":18},"end":{"line":26,"column":19}},"9":{"start":{"line":28,"column":44},"end":{"line":28,"column":49}},"10":{"start":{"line":30,"column":2},"end":{"line":68,"column":4}},"11":{"start":{"line":31,"column":21},"end":{"line":31,"column":28}},"12":{"start":{"line":33,"column":75},"end":{"line":33,"column":91}},"13":{"start":{"line":35,"column":4},"end":{"line":37,"column":5}},"14":{"start":{"line":36,"column":6},"end":{"line":36,"column":88}},"15":{"start":{"line":39,"column":4},"end":{"line":41,"column":5}},"16":{"start":{"line":40,"column":6},"end":{"line":40,"column":82}},"17":{"start":{"line":43,"column":4},"end":{"line":67,"column":5}},"18":{"start":{"line":44,"column":25},"end":{"line":44,"column":67}},"19":{"start":{"line":46,"column":24},"end":{"line":46,"column":34}},"20":{"start":{"line":48,"column":6},"end":{"line":60,"column":7}},"21":{"start":{"line":49,"column":8},"end":{"line":49,"column":91}},"22":{"start":{"line":51,"column":8},"end":{"line":51,"column":22}},"23":{"start":{"line":53,"column":34},"end":{"line":53,"column":39}},"24":{"start":{"line":55,"column":8},"end":{"line":55,"column":89}},"25":{"start":{"line":57,"column":8},"end":{"line":57,"column":68}},"26":{"start":{"line":59,"column":8},"end":{"line":59,"column":24}},"27":{"start":{"line":61,"column":11},"end":{"line":67,"column":5}},"28":{"start":{"line":62,"column":6},"end":{"line":62,"column":87}},"29":{"start":{"line":64,"column":6},"end":{"line":64,"column":61}},"30":{"start":{"line":66,"column":6},"end":{"line":66,"column":22}},"31":{"start":{"line":70,"column":13},"end":{"line":70,"column":65}},"32":{"start":{"line":72,"column":2},"end":{"line":74,"column":3}},"33":{"start":{"line":73,"column":4},"end":{"line":73,"column":50}},"34":{"start":{"line":76,"column":2},"end":{"line":80,"column":3}}},"fnMap":{"0":{"name":"(anonymous_0)","decl":{"start":{"line":14,"column":28},"end":{"line":14,"column":29}},"loc":{"start":{"line":14,"column":45},"end":{"line":81,"column":1}},"line":14},"1":{"name":"(anonymous_1)","decl":{"start":{"line":30,"column":37},"end":{"line":30,"column":38}},"loc":{"start":{"line":30,"column":56},"end":{"line":68,"column":3}},"line":30}},"branchMap":{"0":{"loc":{"start":{"line":16,"column":2},"end":{"line":18,"column":3}},"type":"if","locations":[{"start":{"line":16,"column":2},"end":{"line":18,"column":3}},{"start":{"line":16,"column":2},"end":{"line":18,"column":3}}],"line":16},"1":{"loc":{"start":{"line":21,"column":2},"end":{"line":23,"column":3}},"type":"if","locations":[{"start":{"line":21,"column":2},"end":{"line":23,"column":3}},{"start":{"line":21,"column":2},"end":{"line":23,"column":3}}],"line":21},"2":{"loc":{"start":{"line":28,"column":19},"end":{"line":28,"column":39}},"type":"default-arg","locations":[{"start":{"line":28,"column":37},"end":{"line":28,"column":39}}],"line":28},"3":{"loc":{"start":{"line":35,"column":4},"end":{"line":37,"column":5}},"type":"if","locations":[{"start":{"line":35,"column":4},"end":{"line":37,"column":5}},{"start":{"line":35,"column":4},"end":{"line":37,"column":5}}],"line":35},"4":{"loc":{"start":{"line":39,"column":4},"end":{"line":41,"column":5}},"type":"if","locations":[{"start":{"line":39,"column":4},"end":{"line":41,"column":5}},{"start":{"line":39,"column":4},"end":{"line":41,"column":5}}],"line":39},"5":{"loc":{"start":{"line":39,"column":8},"end":{"line":39,"column":66}},"type":"binary-expr","locations":[{"start":{"line":39,"column":8},"end":{"line":39,"column":35}},{"start":{"line":39,"column":39},"end":{"line":39,"column":66}}],"line":39},"6":{"loc":{"start":{"line":43,"column":4},"end":{"line":67,"column":5}},"type":"if","locations":[{"start":{"line":43,"column":4},"end":{"line":67,"column":5}},{"start":{"line":43,"column":4},"end":{"line":67,"column":5}}],"line":43},"7":{"loc":{"start":{"line":43,"column":8},"end":{"line":43,"column":81}},"type":"binary-expr","locations":[{"start":{"line":43,"column":8},"end":{"line":43,"column":50}},{"start":{"line":43,"column":54},"end":{"line":43,"column":81}}],"line":43},"8":{"loc":{"start":{"line":48,"column":6},"end":{"line":60,"column":7}},"type":"if","locations":[{"start":{"line":48,"column":6},"end":{"line":60,"column":7}},{"start":{"line":48,"column":6},"end":{"line":60,"column":7}}],"line":48},"9":{"loc":{"start":{"line":61,"column":11},"end":{"line":67,"column":5}},"type":"if","locations":[{"start":{"line":61,"column":11},"end":{"line":67,"column":5}},{"start":{"line":61,"column":11},"end":{"line":67,"column":5}}],"line":61},"10":{"loc":{"start":{"line":61,"column":15},"end":{"line":61,"column":88}},"type":"binary-expr","locations":[{"start":{"line":61,"column":15},"end":{"line":61,"column":57}},{"start":{"line":61,"column":61},"end":{"line":61,"column":88}}],"line":61},"11":{"loc":{"start":{"line":72,"column":2},"end":{"line":74,"column":3}},"type":"if","locations":[{"start":{"line":72,"column":2},"end":{"line":74,"column":3}},{"start":{"line":72,"column":2},"end":{"line":74,"column":3}}],"line":72}},"s":{"0":1,"1":1,"2":1,"3":11,"4":11,"5":11,"6":1,"7":11,"8":11,"9":11,"10":11,"11":11,"12":11,"13":11,"14":1,"15":11,"16":1,"17":11,"18":7,"19":7,"20":7,"21":1,"22":1,"23":6,"24":6,"25":6,"26":6,"27":4,"28":2,"29":2,"30":2,"31":11,"32":11,"33":1,"34":11},"f":{"0":11,"1":11},"b":{"0":[11,0],"1":[1,10],"2":[0],"3":[1,10],"4":[1,10],"5":[11,3],"6":[7,4],"7":[11,10],"8":[1,6],"9":[2,2],"10":[4,3],"11":[1,10]},"_coverageSchema":"1a1c01bbd47fc00a2c39e90264f33305004495a9","hash":"6c87ca7bc37a513b30d20c905e5f441a524c96a4"}
,"/Users/yliu10/cmr_workspace/cmr/graph-db/serverless/src/testUtil/indexCollection.js": {"path":"/Users/yliu10/cmr_workspace/cmr/graph-db/serverless/src/testUtil/indexCollection.js","statementMap":{"0":{"start":{"line":6,"column":19},"end":{"line":11,"column":2}},"1":{"start":{"line":6,"column":33},"end":{"line":11,"column":1}},"2":{"start":{"line":20,"column":32},"end":{"line":51,"column":1}},"3":{"start":{"line":21,"column":2},"end":{"line":41,"column":8}},"4":{"start":{"line":43,"column":16},"end":{"line":43,"column":102}},"5":{"start":{"line":45,"column":18},"end":{"line":45,"column":49}},"6":{"start":{"line":47,"column":31},"end":{"line":47,"column":38}},"7":{"start":{"line":49,"column":2},"end":{"line":49,"column":60}},"8":{"start":{"line":50,"column":2},"end":{"line":50,"column":30}},"9":{"start":{"line":60,"column":32},"end":{"line":69,"column":1}},"10":{"start":{"line":61,"column":16},"end":{"line":61,"column":102}},"11":{"start":{"line":63,"column":18},"end":{"line":63,"column":49}},"12":{"start":{"line":65,"column":31},"end":{"line":65,"column":38}},"13":{"start":{"line":67,"column":2},"end":{"line":67,"column":60}},"14":{"start":{"line":68,"column":2},"end":{"line":68,"column":30}}},"fnMap":{"0":{"name":"(anonymous_0)","decl":{"start":{"line":6,"column":19},"end":{"line":6,"column":20}},"loc":{"start":{"line":6,"column":33},"end":{"line":11,"column":1}},"line":6},"1":{"name":"(anonymous_1)","decl":{"start":{"line":20,"column":32},"end":{"line":20,"column":33}},"loc":{"start":{"line":20,"column":77},"end":{"line":51,"column":1}},"line":20},"2":{"name":"(anonymous_2)","decl":{"start":{"line":60,"column":32},"end":{"line":60,"column":33}},"loc":{"start":{"line":60,"column":53},"end":{"line":69,"column":1}},"line":60}},"branchMap":{},"s":{"0":1,"1":9,"2":1,"3":6,"4":6,"5":6,"6":6,"7":6,"8":6,"9":1,"10":2,"11":2,"12":2,"13":2,"14":2},"f":{"0":9,"1":6,"2":2},"b":{},"_coverageSchema":"1a1c01bbd47fc00a2c39e90264f33305004495a9","hash":"5fedafd589848a6ab01e38a00a720998b73db013"}
,"/Users/yliu10/cmr_workspace/cmr/graph-db/serverless/src/testUtil/verifyGraphDb.js": {"path":"/Users/yliu10/cmr_workspace/cmr/graph-db/serverless/src/testUtil/verifyGraphDb.js","statementMap":{"0":{"start":{"line":3,"column":26},"end":{"line":3,"column":49}},"1":{"start":{"line":5,"column":36},"end":{"line":32,"column":1}},"2":{"start":{"line":7,"column":18},"end":{"line":10,"column":11}},"3":{"start":{"line":11,"column":39},"end":{"line":11,"column":46}},"4":{"start":{"line":12,"column":2},"end":{"line":12,"column":34}},"5":{"start":{"line":15,"column":14},"end":{"line":18,"column":11}},"6":{"start":{"line":19,"column":35},"end":{"line":19,"column":38}},"7":{"start":{"line":20,"column":2},"end":{"line":20,"column":30}},"8":{"start":{"line":23,"column":17},"end":{"line":29,"column":11}},"9":{"start":{"line":30,"column":36},"end":{"line":30,"column":42}},"10":{"start":{"line":31,"column":2},"end":{"line":31,"column":31}},"11":{"start":{"line":34,"column":39},"end":{"line":50,"column":1}},"12":{"start":{"line":36,"column":18},"end":{"line":39,"column":11}},"13":{"start":{"line":40,"column":34},"end":{"line":40,"column":41}},"14":{"start":{"line":41,"column":2},"end":{"line":41,"column":33}},"15":{"start":{"line":44,"column":14},"end":{"line":47,"column":11}},"16":{"start":{"line":48,"column":30},"end":{"line":48,"column":33}},"17":{"start":{"line":49,"column":2},"end":{"line":49,"column":29}}},"fnMap":{"0":{"name":"(anonymous_0)","decl":{"start":{"line":5,"column":36},"end":{"line":5,"column":37}},"loc":{"start":{"line":5,"column":69},"end":{"line":32,"column":1}},"line":5},"1":{"name":"(anonymous_1)","decl":{"start":{"line":34,"column":39},"end":{"line":34,"column":40}},"loc":{"start":{"line":34,"column":72},"end":{"line":50,"column":1}},"line":34}},"branchMap":{},"s":{"0":2,"1":2,"2":11,"3":11,"4":11,"5":11,"6":11,"7":11,"8":11,"9":11,"10":11,"11":2,"12":3,"13":3,"14":3,"15":3,"16":3,"17":3},"f":{"0":11,"1":3},"b":{},"_coverageSchema":"1a1c01bbd47fc00a2c39e90264f33305004495a9","hash":"b18195f10fafcb7d0074704369668b5d43a92fe8"}
,"/Users/yliu10/cmr_workspace/cmr/graph-db/serverless/src/utils/cmr/clearScrollSession.js": {"path":"/Users/yliu10/cmr_workspace/cmr/graph-db/serverless/src/utils/cmr/clearScrollSession.js","statementMap":{"0":{"start":{"line":8,"column":34},"end":{"line":29,"column":1}},"1":{"start":{"line":9,"column":2},"end":{"line":9,"column":28}},"2":{"start":{"line":9,"column":17},"end":{"line":9,"column":28}},"3":{"start":{"line":11,"column":2},"end":{"line":11,"column":62}},"4":{"start":{"line":13,"column":19},"end":{"line":24,"column":6}},"5":{"start":{"line":20,"column":19},"end":{"line":20,"column":29}},"6":{"start":{"line":22,"column":6},"end":{"line":22,"column":89}},"7":{"start":{"line":23,"column":6},"end":{"line":23,"column":17}},"8":{"start":{"line":26,"column":2},"end":{"line":26,"column":61}},"9":{"start":{"line":28,"column":2},"end":{"line":28,"column":17}}},"fnMap":{"0":{"name":"(anonymous_0)","decl":{"start":{"line":8,"column":34},"end":{"line":8,"column":35}},"loc":{"start":{"line":8,"column":54},"end":{"line":29,"column":1}},"line":8},"1":{"name":"(anonymous_1)","decl":{"start":{"line":20,"column":10},"end":{"line":20,"column":11}},"loc":{"start":{"line":20,"column":19},"end":{"line":20,"column":29}},"line":20},"2":{"name":"(anonymous_2)","decl":{"start":{"line":21,"column":11},"end":{"line":21,"column":12}},"loc":{"start":{"line":21,"column":22},"end":{"line":24,"column":5}},"line":21}},"branchMap":{"0":{"loc":{"start":{"line":9,"column":2},"end":{"line":9,"column":28}},"type":"if","locations":[{"start":{"line":9,"column":2},"end":{"line":9,"column":28}},{"start":{"line":9,"column":2},"end":{"line":9,"column":28}}],"line":9}},"s":{"0":2,"1":2,"2":1,"3":1,"4":1,"5":1,"6":0,"7":0,"8":1,"9":1},"f":{"0":2,"1":1,"2":0},"b":{"0":[1,1]},"_coverageSchema":"1a1c01bbd47fc00a2c39e90264f33305004495a9","hash":"735c54e22974b0c27327959fd9a60327ede956b5"}
,"/Users/yliu10/cmr_workspace/cmr/graph-db/serverless/src/utils/cmr/deleteCmrCollection.js": {"path":"/Users/yliu10/cmr_workspace/cmr/graph-db/serverless/src/utils/cmr/deleteCmrCollection.js","statementMap":{"0":{"start":{"line":4,"column":26},"end":{"line":4,"column":49}},"1":{"start":{"line":5,"column":23},"end":{"line":5,"column":38}},"2":{"start":{"line":13,"column":35},"end":{"line":46,"column":1}},"3":{"start":{"line":15,"column":2},"end":{"line":28,"column":3}},"4":{"start":{"line":16,"column":4},"end":{"line":23,"column":13}},"5":{"start":{"line":25,"column":4},"end":{"line":25,"column":115}},"6":{"start":{"line":27,"column":4},"end":{"line":27,"column":16}},"7":{"start":{"line":31,"column":2},"end":{"line":41,"column":3}},"8":{"start":{"line":32,"column":4},"end":{"line":36,"column":13}},"9":{"start":{"line":38,"column":4},"end":{"line":38,"column":96}},"10":{"start":{"line":40,"column":4},"end":{"line":40,"column":16}},"11":{"start":{"line":43,"column":2},"end":{"line":43,"column":64}},"12":{"start":{"line":45,"column":2},"end":{"line":45,"column":13}}},"fnMap":{"0":{"name":"(anonymous_0)","decl":{"start":{"line":13,"column":35},"end":{"line":13,"column":36}},"loc":{"start":{"line":13,"column":75},"end":{"line":46,"column":1}},"line":13}},"branchMap":{},"s":{"0":3,"1":3,"2":3,"3":10,"4":10,"5":0,"6":0,"7":10,"8":10,"9":0,"10":0,"11":10,"12":10},"f":{"0":10},"b":{},"_coverageSchema":"1a1c01bbd47fc00a2c39e90264f33305004495a9","hash":"7e59c136ae71e8ca41463559ee90a1f156dc498e"}
,"/Users/yliu10/cmr_workspace/cmr/graph-db/serverless/src/utils/cmr/fetchCmrCollection.js": {"path":"/Users/yliu10/cmr_workspace/cmr/graph-db/serverless/src/utils/cmr/fetchCmrCollection.js","statementMap":{"0":{"start":{"line":9,"column":34},"end":{"line":27,"column":1}},"1":{"start":{"line":10,"column":25},"end":{"line":10,"column":27}},"2":{"start":{"line":12,"column":2},"end":{"line":14,"column":3}},"3":{"start":{"line":13,"column":4},"end":{"line":13,"column":40}},"4":{"start":{"line":16,"column":19},"end":{"line":24,"column":6}},"5":{"start":{"line":20,"column":23},"end":{"line":20,"column":37}},"6":{"start":{"line":22,"column":6},"end":{"line":22,"column":70}},"7":{"start":{"line":23,"column":6},"end":{"line":23,"column":17}},"8":{"start":{"line":26,"column":2},"end":{"line":26,"column":17}}},"fnMap":{"0":{"name":"(anonymous_0)","decl":{"start":{"line":9,"column":34},"end":{"line":9,"column":35}},"loc":{"start":{"line":9,"column":62},"end":{"line":27,"column":1}},"line":9},"1":{"name":"(anonymous_1)","decl":{"start":{"line":20,"column":10},"end":{"line":20,"column":11}},"loc":{"start":{"line":20,"column":23},"end":{"line":20,"column":37}},"line":20},"2":{"name":"(anonymous_2)","decl":{"start":{"line":21,"column":11},"end":{"line":21,"column":12}},"loc":{"start":{"line":21,"column":22},"end":{"line":24,"column":5}},"line":21}},"branchMap":{"0":{"loc":{"start":{"line":12,"column":2},"end":{"line":14,"column":3}},"type":"if","locations":[{"start":{"line":12,"column":2},"end":{"line":14,"column":3}},{"start":{"line":12,"column":2},"end":{"line":14,"column":3}}],"line":12}},"s":{"0":1,"1":7,"2":7,"3":0,"4":7,"5":7,"6":0,"7":0,"8":7},"f":{"0":7,"1":7,"2":0},"b":{"0":[0,7]},"_coverageSchema":"1a1c01bbd47fc00a2c39e90264f33305004495a9","hash":"744308fcb0ef9f29e6ae5f7e7ea8f072b556a277"}
,"/Users/yliu10/cmr_workspace/cmr/graph-db/serverless/src/utils/cmr/fetchPageFromCMR.js": {"path":"/Users/yliu10/cmr_workspace/cmr/graph-db/serverless/src/utils/cmr/fetchPageFromCMR.js","statementMap":{"0":{"start":{"line":11,"column":32},"end":{"line":48,"column":1}},"1":{"start":{"line":12,"column":25},"end":{"line":12,"column":27}},"2":{"start":{"line":14,"column":2},"end":{"line":16,"column":3}},"3":{"start":{"line":15,"column":4},"end":{"line":15,"column":40}},"4":{"start":{"line":18,"column":2},"end":{"line":20,"column":3}},"5":{"start":{"line":19,"column":4},"end":{"line":19,"column":46}},"6":{"start":{"line":22,"column":2},"end":{"line":45,"column":3}},"7":{"start":{"line":23,"column":27},"end":{"line":26,"column":6}},"8":{"start":{"line":28,"column":29},"end":{"line":28,"column":43}},"9":{"start":{"line":31,"column":4},"end":{"line":31,"column":45}},"10":{"start":{"line":33,"column":28},"end":{"line":33,"column":55}},"11":{"start":{"line":35,"column":27},"end":{"line":35,"column":42}},"12":{"start":{"line":37,"column":4},"end":{"line":37,"column":57}},"13":{"start":{"line":40,"column":4},"end":{"line":42,"column":5}},"14":{"start":{"line":41,"column":6},"end":{"line":41,"column":58}},"15":{"start":{"line":44,"column":4},"end":{"line":44,"column":64}},"16":{"start":{"line":47,"column":2},"end":{"line":47,"column":17}}},"fnMap":{"0":{"name":"(anonymous_0)","decl":{"start":{"line":11,"column":32},"end":{"line":11,"column":33}},"loc":{"start":{"line":11,"column":78},"end":{"line":48,"column":1}},"line":11}},"branchMap":{"0":{"loc":{"start":{"line":14,"column":2},"end":{"line":16,"column":3}},"type":"if","locations":[{"start":{"line":14,"column":2},"end":{"line":16,"column":3}},{"start":{"line":14,"column":2},"end":{"line":16,"column":3}}],"line":14},"1":{"loc":{"start":{"line":18,"column":2},"end":{"line":20,"column":3}},"type":"if","locations":[{"start":{"line":18,"column":2},"end":{"line":20,"column":3}},{"start":{"line":18,"column":2},"end":{"line":20,"column":3}}],"line":18},"2":{"loc":{"start":{"line":28,"column":12},"end":{"line":28,"column":24}},"type":"default-arg","locations":[{"start":{"line":28,"column":22},"end":{"line":28,"column":24}}],"line":28},"3":{"loc":{"start":{"line":35,"column":12},"end":{"line":35,"column":22}},"type":"default-arg","locations":[{"start":{"line":35,"column":20},"end":{"line":35,"column":22}}],"line":35},"4":{"loc":{"start":{"line":40,"column":4},"end":{"line":42,"column":5}},"type":"if","locations":[{"start":{"line":40,"column":4},"end":{"line":42,"column":5}},{"start":{"line":40,"column":4},"end":{"line":42,"column":5}}],"line":40},"5":{"loc":{"start":{"line":40,"column":8},"end":{"line":40,"column":72}},"type":"binary-expr","locations":[{"start":{"line":40,"column":8},"end":{"line":40,"column":16}},{"start":{"line":40,"column":20},"end":{"line":40,"column":72}}],"line":40}},"s":{"0":2,"1":6,"2":6,"3":1,"4":6,"5":1,"6":6,"7":6,"8":6,"9":6,"10":6,"11":6,"12":6,"13":6,"14":0,"15":0,"16":6},"f":{"0":6},"b":{"0":[1,5],"1":[1,5],"2":[0],"3":[1],"4":[0,6],"5":[6,0]},"_coverageSchema":"1a1c01bbd47fc00a2c39e90264f33305004495a9","hash":"9ec0a58af3fef137d1ea887e3823609af567744d"}
,"/Users/yliu10/cmr_workspace/cmr/graph-db/serverless/src/utils/cmr/getConceptType.js": {"path":"/Users/yliu10/cmr_workspace/cmr/graph-db/serverless/src/utils/cmr/getConceptType.js","statementMap":{"0":{"start":{"line":1,"column":21},"end":{"line":6,"column":1}},"1":{"start":{"line":13,"column":30},"end":{"line":17,"column":1}},"2":{"start":{"line":14,"column":21},"end":{"line":14,"column":33}},"3":{"start":{"line":16,"column":2},"end":{"line":16,"column":33}}},"fnMap":{"0":{"name":"(anonymous_0)","decl":{"start":{"line":13,"column":30},"end":{"line":13,"column":31}},"loc":{"start":{"line":13,"column":45},"end":{"line":17,"column":1}},"line":13}},"branchMap":{},"s":{"0":1,"1":1,"2":26,"3":26},"f":{"0":26},"b":{},"_coverageSchema":"1a1c01bbd47fc00a2c39e90264f33305004495a9","hash":"9516fc9ad5e3a57f073f112aa8aa05c8db96c98a"}
,"/Users/yliu10/cmr_workspace/cmr/graph-db/serverless/src/utils/cmr/getEchoToken.js": {"path":"/Users/yliu10/cmr_workspace/cmr/graph-db/serverless/src/utils/cmr/getEchoToken.js","statementMap":{"0":{"start":{"line":8,"column":28},"end":{"line":28,"column":1}},"1":{"start":{"line":9,"column":32},"end":{"line":9,"column":39}},"2":{"start":{"line":11,"column":2},"end":{"line":13,"column":3}},"3":{"start":{"line":12,"column":4},"end":{"line":12,"column":15}},"4":{"start":{"line":17,"column":2},"end":{"line":25,"column":3}},"5":{"start":{"line":18,"column":4},"end":{"line":20,"column":5}},"6":{"start":{"line":22,"column":4},"end":{"line":22,"column":54}},"7":{"start":{"line":24,"column":4},"end":{"line":24,"column":16}},"8":{"start":{"line":27,"column":2},"end":{"line":27,"column":14}}},"fnMap":{"0":{"name":"(anonymous_0)","decl":{"start":{"line":8,"column":28},"end":{"line":8,"column":29}},"loc":{"start":{"line":8,"column":40},"end":{"line":28,"column":1}},"line":8}},"branchMap":{"0":{"loc":{"start":{"line":11,"column":2},"end":{"line":13,"column":3}},"type":"if","locations":[{"start":{"line":11,"column":2},"end":{"line":13,"column":3}},{"start":{"line":11,"column":2},"end":{"line":13,"column":3}}],"line":11}},"s":{"0":3,"1":13,"2":13,"3":12,"4":1,"5":1,"6":0,"7":0,"8":1},"f":{"0":13},"b":{"0":[12,1]},"_coverageSchema":"1a1c01bbd47fc00a2c39e90264f33305004495a9","hash":"61cdc67ca4e84d67a505b95fa6205b98d3dfbcf6"}
,"/Users/yliu10/cmr_workspace/cmr/graph-db/serverless/src/utils/cmr/getSecureParam.js": {"path":"/Users/yliu10/cmr_workspace/cmr/graph-db/serverless/src/utils/cmr/getSecureParam.js","statementMap":{"0":{"start":{"line":10,"column":30},"end":{"line":27,"column":1}},"1":{"start":{"line":11,"column":2},"end":{"line":15,"column":3}},"2":{"start":{"line":12,"column":4},"end":{"line":14,"column":6}},"3":{"start":{"line":17,"column":18},"end":{"line":22,"column":14}},"4":{"start":{"line":24,"column":42},"end":{"line":24,"column":49}},"5":{"start":{"line":26,"column":2},"end":{"line":26,"column":14}}},"fnMap":{"0":{"name":"(anonymous_0)","decl":{"start":{"line":10,"column":30},"end":{"line":10,"column":31}},"loc":{"start":{"line":10,"column":47},"end":{"line":27,"column":1}},"line":10}},"branchMap":{"0":{"loc":{"start":{"line":11,"column":2},"end":{"line":15,"column":3}},"type":"if","locations":[{"start":{"line":11,"column":2},"end":{"line":15,"column":3}},{"start":{"line":11,"column":2},"end":{"line":15,"column":3}}],"line":11}},"s":{"0":4,"1":1,"2":1,"3":1,"4":1,"5":1},"f":{"0":1},"b":{"0":[1,0]},"_coverageSchema":"1a1c01bbd47fc00a2c39e90264f33305004495a9","hash":"5bb87fd123cc33d4dfbd759d6883c8ff8e593814"}
,"/Users/yliu10/cmr_workspace/cmr/graph-db/serverless/src/utils/cmr/indexCmrCollection.js": {"path":"/Users/yliu10/cmr_workspace/cmr/graph-db/serverless/src/utils/cmr/indexCmrCollection.js","statementMap":{"0":{"start":{"line":7,"column":26},"end":{"line":7,"column":49}},"1":{"start":{"line":15,"column":34},"end":{"line":77,"column":1}},"2":{"start":{"line":27,"column":6},"end":{"line":27,"column":16}},"3":{"start":{"line":30,"column":2},"end":{"line":30,"column":57}},"4":{"start":{"line":32,"column":15},"end":{"line":32,"column":29}},"5":{"start":{"line":33,"column":20},"end":{"line":33,"column":72}},"6":{"start":{"line":35,"column":2},"end":{"line":40,"column":3}},"7":{"start":{"line":37,"column":27},"end":{"line":37,"column":52}},"8":{"start":{"line":38,"column":4},"end":{"line":38,"column":47}},"9":{"start":{"line":39,"column":4},"end":{"line":39,"column":24}},"10":{"start":{"line":42,"column":16},"end":{"line":42,"column":20}},"11":{"start":{"line":43,"column":2},"end":{"line":63,"column":3}},"12":{"start":{"line":45,"column":4},"end":{"line":58,"column":13}},"13":{"start":{"line":60,"column":4},"end":{"line":60,"column":77}},"14":{"start":{"line":62,"column":4},"end":{"line":62,"column":16}},"15":{"start":{"line":65,"column":25},"end":{"line":65,"column":32}},"16":{"start":{"line":66,"column":28},"end":{"line":66,"column":33}},"17":{"start":{"line":68,"column":2},"end":{"line":72,"column":3}},"18":{"start":{"line":69,"column":4},"end":{"line":71,"column":6}},"19":{"start":{"line":70,"column":6},"end":{"line":70,"column":80}},"20":{"start":{"line":74,"column":2},"end":{"line":74,"column":84}},"21":{"start":{"line":76,"column":2},"end":{"line":76,"column":13}}},"fnMap":{"0":{"name":"(anonymous_0)","decl":{"start":{"line":15,"column":34},"end":{"line":15,"column":35}},"loc":{"start":{"line":15,"column":75},"end":{"line":77,"column":1}},"line":15},"1":{"name":"(anonymous_1)","decl":{"start":{"line":69,"column":35},"end":{"line":69,"column":36}},"loc":{"start":{"line":69,"column":57},"end":{"line":71,"column":5}},"line":69}},"branchMap":{"0":{"loc":{"start":{"line":35,"column":2},"end":{"line":40,"column":3}},"type":"if","locations":[{"start":{"line":35,"column":2},"end":{"line":40,"column":3}},{"start":{"line":35,"column":2},"end":{"line":40,"column":3}}],"line":35},"1":{"loc":{"start":{"line":56,"column":27},"end":{"line":56,"column":59}},"type":"binary-expr","locations":[{"start":{"line":56,"column":27},"end":{"line":56,"column":41}},{"start":{"line":56,"column":45},"end":{"line":56,"column":59}}],"line":56},"2":{"loc":{"start":{"line":65,"column":10},"end":{"line":65,"column":20}},"type":"default-arg","locations":[{"start":{"line":65,"column":18},"end":{"line":65,"column":20}}],"line":65},"3":{"loc":{"start":{"line":68,"column":2},"end":{"line":72,"column":3}},"type":"if","locations":[{"start":{"line":68,"column":2},"end":{"line":72,"column":3}},{"start":{"line":68,"column":2},"end":{"line":72,"column":3}}],"line":68},"4":{"loc":{"start":{"line":68,"column":6},"end":{"line":68,"column":43}},"type":"binary-expr","locations":[{"start":{"line":68,"column":6},"end":{"line":68,"column":17}},{"start":{"line":68,"column":21},"end":{"line":68,"column":43}}],"line":68}},"s":{"0":3,"1":3,"2":8,"3":8,"4":8,"5":8,"6":8,"7":8,"8":8,"9":8,"10":8,"11":8,"12":8,"13":0,"14":0,"15":8,"16":8,"17":8,"18":8,"19":12,"20":8,"21":8},"f":{"0":8,"1":12},"b":{"0":[8,0],"1":[8,0],"2":[0],"3":[8,0],"4":[8,8]},"_coverageSchema":"1a1c01bbd47fc00a2c39e90264f33305004495a9","hash":"1df3d634b5a356c61b19791d05fe86a2f018a985"}
,"/Users/yliu10/cmr_workspace/cmr/graph-db/serverless/src/utils/cmr/indexPageOfCmrResults.js": {"path":"/Users/yliu10/cmr_workspace/cmr/graph-db/serverless/src/utils/cmr/indexPageOfCmrResults.js","statementMap":{"0":{"start":{"line":9,"column":37},"end":{"line":21,"column":1}},"1":{"start":{"line":10,"column":2},"end":{"line":20,"column":4}},"2":{"start":{"line":11,"column":4},"end":{"line":19,"column":5}},"3":{"start":{"line":12,"column":6},"end":{"line":12,"column":47}},"4":{"start":{"line":15,"column":23},"end":{"line":15,"column":29}},"5":{"start":{"line":16,"column":42},"end":{"line":16,"column":46}},"6":{"start":{"line":18,"column":6},"end":{"line":18,"column":103}}},"fnMap":{"0":{"name":"(anonymous_0)","decl":{"start":{"line":9,"column":37},"end":{"line":9,"column":38}},"loc":{"start":{"line":9,"column":65},"end":{"line":21,"column":1}},"line":9},"1":{"name":"(anonymous_1)","decl":{"start":{"line":10,"column":29},"end":{"line":10,"column":30}},"loc":{"start":{"line":10,"column":47},"end":{"line":20,"column":3}},"line":10}},"branchMap":{},"s":{"0":2,"1":6,"2":2,"3":2,"4":0,"5":0,"6":0},"f":{"0":6,"1":2},"b":{},"_coverageSchema":"1a1c01bbd47fc00a2c39e90264f33305004495a9","hash":"d76d354fc5736ed131cdc274dc6942f7ea6f7682"}
,"/Users/yliu10/cmr_workspace/cmr/graph-db/serverless/src/utils/cmr/indexRelatedUrl.js": {"path":"/Users/yliu10/cmr_workspace/cmr/graph-db/serverless/src/utils/cmr/indexRelatedUrl.js","statementMap":{"0":{"start":{"line":3,"column":26},"end":{"line":3,"column":49}},"1":{"start":{"line":12,"column":24},"end":{"line":61,"column":1}},"2":{"start":{"line":18,"column":6},"end":{"line":18,"column":16}},"3":{"start":{"line":20,"column":2},"end":{"line":25,"column":3}},"4":{"start":{"line":24,"column":4},"end":{"line":24,"column":10}},"5":{"start":{"line":27,"column":2},"end":{"line":60,"column":3}},"6":{"start":{"line":29,"column":32},"end":{"line":37,"column":13}},"7":{"start":{"line":39,"column":40},"end":{"line":39,"column":59}},"8":{"start":{"line":40,"column":36},"end":{"line":40,"column":47}},"9":{"start":{"line":42,"column":4},"end":{"line":42,"column":96}},"10":{"start":{"line":45,"column":30},"end":{"line":52,"column":13}},"11":{"start":{"line":54,"column":38},"end":{"line":54,"column":55}},"12":{"start":{"line":55,"column":27},"end":{"line":55,"column":36}},"13":{"start":{"line":57,"column":4},"end":{"line":57,"column":93}},"14":{"start":{"line":59,"column":4},"end":{"line":59,"column":121}}},"fnMap":{"0":{"name":"(anonymous_0)","decl":{"start":{"line":12,"column":24},"end":{"line":12,"column":25}},"loc":{"start":{"line":12,"column":85},"end":{"line":61,"column":1}},"line":12}},"branchMap":{"0":{"loc":{"start":{"line":20,"column":2},"end":{"line":25,"column":3}},"type":"if","locations":[{"start":{"line":20,"column":2},"end":{"line":25,"column":3}},{"start":{"line":20,"column":2},"end":{"line":25,"column":3}}],"line":20},"1":{"loc":{"start":{"line":20,"column":6},"end":{"line":20,"column":61}},"type":"binary-expr","locations":[{"start":{"line":20,"column":6},"end":{"line":20,"column":14}},{"start":{"line":20,"column":18},"end":{"line":20,"column":22}},{"start":{"line":20,"column":26},"end":{"line":20,"column":61}}],"line":20},"2":{"loc":{"start":{"line":35,"column":88},"end":{"line":35,"column":110}},"type":"binary-expr","locations":[{"start":{"line":35,"column":88},"end":{"line":35,"column":99}},{"start":{"line":35,"column":103},"end":{"line":35,"column":110}}],"line":35},"3":{"loc":{"start":{"line":39,"column":19},"end":{"line":39,"column":35}},"type":"default-arg","locations":[{"start":{"line":39,"column":33},"end":{"line":39,"column":35}}],"line":39},"4":{"loc":{"start":{"line":54,"column":19},"end":{"line":54,"column":33}},"type":"default-arg","locations":[{"start":{"line":54,"column":31},"end":{"line":54,"column":33}}],"line":54}},"s":{"0":3,"1":3,"2":12,"3":12,"4":1,"5":11,"6":11,"7":11,"8":11,"9":11,"10":11,"11":11,"12":11,"13":11,"14":0},"f":{"0":12},"b":{"0":[1,11],"1":[12,11,11],"2":[11,11],"3":[0],"4":[0]},"_coverageSchema":"1a1c01bbd47fc00a2c39e90264f33305004495a9","hash":"e4ca3b900bbb32deae7df42900d63386d6167898"}
,"/Users/yliu10/cmr_workspace/cmr/graph-db/serverless/src/utils/gremlin/initializeGremlinConnection.js": {"path":"/Users/yliu10/cmr_workspace/cmr/graph-db/serverless/src/utils/gremlin/initializeGremlinConnection.js","statementMap":{"0":{"start":{"line":3,"column":35},"end":{"line":3,"column":49}},"1":{"start":{"line":4,"column":18},"end":{"line":4,"column":35}},"2":{"start":{"line":9,"column":38},"end":{"line":19,"column":1}},"3":{"start":{"line":10,"column":2},"end":{"line":12,"column":3}},"4":{"start":{"line":11,"column":4},"end":{"line":11,"column":19}},"5":{"start":{"line":14,"column":21},"end":{"line":14,"column":44}},"6":{"start":{"line":16,"column":2},"end":{"line":16,"column":55}},"7":{"start":{"line":18,"column":2},"end":{"line":18,"column":17}},"8":{"start":{"line":25,"column":43},"end":{"line":36,"column":1}},"9":{"start":{"line":26,"column":2},"end":{"line":28,"column":3}},"10":{"start":{"line":27,"column":4},"end":{"line":27,"column":21}},"11":{"start":{"line":30,"column":2},"end":{"line":30,"column":37}},"12":{"start":{"line":32,"column":16},"end":{"line":32,"column":27}},"13":{"start":{"line":33,"column":2},"end":{"line":33,"column":53}},"14":{"start":{"line":35,"column":2},"end":{"line":35,"column":19}}},"fnMap":{"0":{"name":"(anonymous_0)","decl":{"start":{"line":9,"column":38},"end":{"line":9,"column":39}},"loc":{"start":{"line":9,"column":44},"end":{"line":19,"column":1}},"line":9},"1":{"name":"(anonymous_1)","decl":{"start":{"line":25,"column":43},"end":{"line":25,"column":44}},"loc":{"start":{"line":25,"column":49},"end":{"line":36,"column":1}},"line":25}},"branchMap":{"0":{"loc":{"start":{"line":10,"column":2},"end":{"line":12,"column":3}},"type":"if","locations":[{"start":{"line":10,"column":2},"end":{"line":12,"column":3}},{"start":{"line":10,"column":2},"end":{"line":12,"column":3}}],"line":10},"1":{"loc":{"start":{"line":26,"column":2},"end":{"line":28,"column":3}},"type":"if","locations":[{"start":{"line":26,"column":2},"end":{"line":28,"column":3}},{"start":{"line":26,"column":2},"end":{"line":28,"column":3}}],"line":26}},"s":{"0":6,"1":6,"2":6,"3":12,"4":6,"5":6,"6":6,"7":6,"8":6,"9":8,"10":2,"11":6,"12":6,"13":6,"14":6},"f":{"0":12,"1":8},"b":{"0":[6,6],"1":[2,6]},"_coverageSchema":"1a1c01bbd47fc00a2c39e90264f33305004495a9","hash":"ce54118b0d4104a867a3648703cf6624e5b9ff39"}
}
