TN:
SF:serverless/src/bootstrapGremlinServer/handler.js
FN:9,(anonymous_0)
FNF:1
FNH:1
FNDA:2,(anonymous_0)
DA:9,1
DA:11,2
DA:12,2
DA:16,2
DA:17,1
DA:22,2
DA:25,2
DA:26,0
DA:29,2
LF:9
LH:8
BRDA:11,0,0,2
BRDA:11,0,1,0
BRDA:16,1,0,1
BRDA:16,1,1,1
BRDA:25,2,0,0
BRDA:25,2,1,2
BRF:6
BRH:4
end_of_record
TN:
SF:serverless/src/indexCmrCollection/handler.js
FN:14,(anonymous_0)
FN:30,(anonymous_1)
FNF:2
FNH:2
FNDA:11,(anonymous_0)
FNDA:11,(anonymous_1)
DA:11,1
DA:12,1
DA:14,1
DA:16,11
DA:17,11
DA:21,11
DA:22,1
DA:25,11
DA:26,11
DA:28,11
DA:30,11
DA:31,11
DA:33,11
DA:35,11
DA:36,1
DA:39,11
DA:40,1
DA:43,11
DA:44,7
DA:46,7
DA:48,7
DA:49,1
DA:51,1
DA:53,6
DA:55,6
DA:57,6
DA:59,6
DA:61,4
DA:62,2
DA:64,2
DA:66,2
DA:70,11
DA:72,11
DA:73,1
DA:76,11
LF:35
LH:35
BRDA:16,0,0,11
BRDA:16,0,1,0
BRDA:21,1,0,1
BRDA:21,1,1,10
BRDA:28,2,0,0
BRDA:35,3,0,1
BRDA:35,3,1,10
BRDA:39,4,0,1
BRDA:39,4,1,10
BRDA:39,5,0,11
BRDA:39,5,1,3
BRDA:43,6,0,7
BRDA:43,6,1,4
BRDA:43,7,0,11
BRDA:43,7,1,10
BRDA:48,8,0,1
BRDA:48,8,1,6
BRDA:61,9,0,2
BRDA:61,9,1,2
BRDA:61,10,0,4
BRDA:61,10,1,3
BRDA:72,11,0,1
BRDA:72,11,1,10
BRF:23
BRH:21
end_of_record
TN:
SF:serverless/src/testUtil/indexCollection.js
FN:6,(anonymous_0)
FN:20,(anonymous_1)
FN:60,(anonymous_2)
FNF:3
FNH:3
FNDA:9,(anonymous_0)
FNDA:6,(anonymous_1)
FNDA:2,(anonymous_2)
DA:6,9
DA:20,1
DA:21,6
DA:43,6
DA:45,6
DA:47,6
DA:49,6
DA:50,6
DA:60,1
DA:61,2
DA:63,2
DA:65,2
DA:67,2
DA:68,2
LF:14
LH:14
BRF:0
BRH:0
end_of_record
TN:
SF:serverless/src/testUtil/verifyGraphDb.js
FN:5,(anonymous_0)
FN:34,(anonymous_1)
FNF:2
FNH:2
FNDA:11,(anonymous_0)
FNDA:3,(anonymous_1)
DA:3,2
DA:5,2
DA:7,11
DA:11,11
DA:12,11
DA:15,11
DA:19,11
DA:20,11
DA:23,11
DA:30,11
DA:31,11
DA:34,2
DA:36,3
DA:40,3
DA:41,3
DA:44,3
DA:48,3
DA:49,3
LF:18
LH:18
BRF:0
BRH:0
end_of_record
TN:
SF:serverless/src/utils/cmr/clearScrollSession.js
FN:8,(anonymous_0)
FN:20,(anonymous_1)
FN:21,(anonymous_2)
FNF:3
FNH:2
FNDA:2,(anonymous_0)
FNDA:1,(anonymous_1)
FNDA:0,(anonymous_2)
DA:8,2
DA:9,2
DA:11,1
DA:13,1
DA:20,1
DA:22,0
DA:23,0
DA:26,1
DA:28,1
LF:9
LH:7
BRDA:9,0,0,1
BRDA:9,0,1,1
BRF:2
BRH:2
end_of_record
TN:
SF:serverless/src/utils/cmr/deleteCmrCollection.js
FN:13,(anonymous_0)
FNF:1
FNH:1
FNDA:10,(anonymous_0)
DA:4,3
DA:5,3
DA:13,3
DA:15,10
DA:16,10
DA:25,0
DA:27,0
DA:31,10
DA:32,10
DA:38,0
DA:40,0
DA:43,10
DA:45,10
LF:13
LH:9
BRF:0
BRH:0
end_of_record
TN:
SF:serverless/src/utils/cmr/fetchCmrCollection.js
FN:9,(anonymous_0)
FN:20,(anonymous_1)
FN:21,(anonymous_2)
FNF:3
FNH:2
FNDA:7,(anonymous_0)
FNDA:7,(anonymous_1)
FNDA:0,(anonymous_2)
DA:9,1
DA:10,7
DA:12,7
DA:13,0
DA:16,7
DA:20,7
DA:22,0
DA:23,0
DA:26,7
LF:9
LH:6
BRDA:12,0,0,0
BRDA:12,0,1,7
BRF:2
BRH:1
end_of_record
TN:
SF:serverless/src/utils/cmr/fetchPageFromCMR.js
FN:11,(anonymous_0)
FNF:1
FNH:1
FNDA:6,(anonymous_0)
DA:11,2
DA:12,6
DA:14,6
DA:15,1
DA:18,6
DA:19,1
DA:22,6
DA:23,6
DA:28,6
DA:31,6
DA:33,6
DA:35,6
DA:37,6
DA:40,6
DA:41,0
DA:44,0
DA:47,6
LF:17
LH:15
BRDA:14,0,0,1
BRDA:14,0,1,5
BRDA:18,1,0,1
BRDA:18,1,1,5
BRDA:28,2,0,0
BRDA:35,3,0,1
BRDA:40,4,0,0
BRDA:40,4,1,6
BRDA:40,5,0,6
BRDA:40,5,1,0
BRF:10
BRH:7
end_of_record
TN:
SF:serverless/src/utils/cmr/getConceptType.js
FN:13,(anonymous_0)
FNF:1
FNH:1
FNDA:26,(anonymous_0)
DA:1,1
DA:13,1
DA:14,26
DA:16,26
LF:4
LH:4
BRF:0
BRH:0
end_of_record
TN:
SF:serverless/src/utils/cmr/getEchoToken.js
FN:8,(anonymous_0)
FNF:1
FNH:1
FNDA:13,(anonymous_0)
DA:8,3
DA:9,13
DA:11,13
DA:12,12
DA:17,1
DA:18,1
DA:22,0
DA:24,0
DA:27,1
LF:9
LH:7
BRDA:11,0,0,12
BRDA:11,0,1,1
BRF:2
BRH:2
end_of_record
TN:
SF:serverless/src/utils/cmr/getSecureParam.js
FN:10,(anonymous_0)
FNF:1
FNH:1
FNDA:1,(anonymous_0)
DA:10,4
DA:11,1
DA:12,1
DA:17,1
DA:24,1
DA:26,1
LF:6
LH:6
BRDA:11,0,0,1
BRDA:11,0,1,0
BRF:2
BRH:1
end_of_record
TN:
SF:serverless/src/utils/cmr/indexCmrCollection.js
FN:15,(anonymous_0)
FN:69,(anonymous_1)
FNF:2
FNH:2
FNDA:8,(anonymous_0)
FNDA:12,(anonymous_1)
DA:7,3
DA:15,3
DA:27,8
DA:30,8
DA:32,8
DA:33,8
DA:35,8
DA:37,8
DA:38,8
DA:39,8
DA:42,8
DA:43,8
DA:45,8
DA:60,0
DA:62,0
DA:65,8
DA:66,8
DA:68,8
DA:69,8
DA:70,12
DA:74,8
DA:76,8
LF:22
LH:20
BRDA:35,0,0,8
BRDA:35,0,1,0
BRDA:56,1,0,8
BRDA:56,1,1,0
BRDA:65,2,0,0
BRDA:68,3,0,8
BRDA:68,3,1,0
BRDA:68,4,0,8
BRDA:68,4,1,8
BRF:9
BRH:5
end_of_record
TN:
SF:serverless/src/utils/cmr/indexPageOfCmrResults.js
FN:9,(anonymous_0)
FN:10,(anonymous_1)
FNF:2
FNH:2
FNDA:6,(anonymous_0)
FNDA:2,(anonymous_1)
DA:9,2
DA:10,6
DA:11,2
DA:12,2
DA:15,0
DA:16,0
DA:18,0
LF:7
LH:4
BRF:0
BRH:0
end_of_record
TN:
SF:serverless/src/utils/cmr/indexRelatedUrl.js
FN:12,(anonymous_0)
FNF:1
FNH:1
FNDA:12,(anonymous_0)
DA:3,3
DA:12,3
DA:18,12
DA:20,12
DA:24,1
DA:27,11
DA:29,11
DA:39,11
DA:40,11
DA:42,11
DA:45,11
DA:54,11
DA:55,11
DA:57,11
DA:59,0
LF:15
LH:14
BRDA:20,0,0,1
BRDA:20,0,1,11
BRDA:20,1,0,12
BRDA:20,1,1,11
BRDA:20,1,2,11
BRDA:35,2,0,11
BRDA:35,2,1,11
BRDA:39,3,0,0
BRDA:54,4,0,0
BRF:9
BRH:7
end_of_record
TN:
SF:serverless/src/utils/gremlin/initializeGremlinConnection.js
FN:9,(anonymous_0)
FN:25,(anonymous_1)
FNF:2
FNH:2
FNDA:12,(anonymous_0)
FNDA:8,(anonymous_1)
DA:3,6
DA:4,6
DA:9,6
DA:10,12
DA:11,6
DA:14,6
DA:16,6
DA:18,6
DA:25,6
DA:26,8
DA:27,2
DA:30,6
DA:32,6
DA:33,6
DA:35,6
LF:15
LH:15
BRDA:10,0,0,6
BRDA:10,0,1,6
BRDA:26,1,0,2
BRDA:26,1,1,6
BRF:4
BRH:4
end_of_record
